<?xml version="1.0" encoding="UTF-8"?>
<!-- Generated by org.testng.reporters.JUnitReportReporter -->
<testsuite hostname="DESKTOP-D6BEUQT" failures="0" tests="3" name="Practice.UserDataProvider" time="0.025" errors="0" timestamp="2022-06-11T11:19:48 IST" skipped="0">
  <testcase classname="Practice.UserDataProvider" name="bookTickets" time="0.018"/>
  <system-out/>
  <testcase classname="Practice.UserDataProvider" name="bookTickets" time="0.003"/>
  <system-out/>
  <testcase classname="Practice.UserDataProvider" name="bookTickets" time="0.004"/>
  <system-out/>
</testsuite> <!-- Practice.UserDataProvider -->
