<?xml version="1.0" encoding="UTF-8"?>
<!-- Generated by org.testng.reporters.JUnitReportReporter -->
<testsuite skipped="0" hostname="DESKTOP-D6BEUQT" name="com.crm.comcast.contactTest.DeletContactTest" tests="1" failures="0" timestamp="2022-07-11T01:33:48 IST" time="31.308" errors="0">
  <testcase name="deletit" time="31.308" classname="com.crm.comcast.contactTest.DeletContactTest"/>
  <system-out/>
</testsuite> <!-- com.crm.comcast.contactTest.DeletContactTest -->
