<?xml version="1.0" encoding="UTF-8"?>
<!-- Generated by org.testng.reporters.JUnitReportReporter -->
<testsuite skipped="0" hostname="DESKTOP-D6BEUQT" name="com.crm.comcast.contactTest.CreateContactNoMandate" tests="1" failures="0" timestamp="2022-07-11T00:35:11 IST" time="25.106" errors="0">
  <testcase name="savu" time="25.106" classname="com.crm.comcast.contactTest.CreateContactNoMandate"/>
  <system-out/>
</testsuite> <!-- com.crm.comcast.contactTest.CreateContactNoMandate -->
