<?xml version="1.0" encoding="UTF-8"?>
<!-- Generated by org.testng.reporters.JUnitReportReporter -->
<testsuite skipped="0" hostname="DESKTOP-D6BEUQT" name="com.crm.comcast.contactTest.CreateContactTest" tests="1" failures="0" timestamp="2022-07-11T01:33:48 IST" time="34.565" errors="0">
  <testcase name="doit" time="34.565" classname="com.crm.comcast.contactTest.CreateContactTest"/>
  <system-out/>
</testsuite> <!-- com.crm.comcast.contactTest.CreateContactTest -->
