<?xml version="1.0" encoding="UTF-8"?>
<!-- Generated by org.testng.reporters.JUnitReportReporter -->
<testsuite skipped="0" hostname="DESKTOP-D6BEUQT" name="com.crm.comcast.campaignTest.CreateCampaignWithProductTest" tests="1" failures="0" timestamp="2022-07-11T00:35:11 IST" time="22.855" errors="0">
  <testcase name="campwpro" time="22.855" classname="com.crm.comcast.campaignTest.CreateCampaignWithProductTest"/>
  <system-out/>
</testsuite> <!-- com.crm.comcast.campaignTest.CreateCampaignWithProductTest -->
