<?xml version="1.0" encoding="UTF-8"?>
<!-- Generated by org.testng.reporters.JUnitReportReporter -->
<testsuite skipped="0" hostname="DESKTOP-D6BEUQT" name="com.crm.comcast.organizationTest.CreateOrganizationTest" tests="1" failures="0" timestamp="2022-07-11T00:35:11 IST" time="27.624" errors="0">
  <testcase name="createorg" time="27.624" classname="com.crm.comcast.organizationTest.CreateOrganizationTest"/>
  <system-out/>
</testsuite> <!-- com.crm.comcast.organizationTest.CreateOrganizationTest -->
