<?xml version="1.0" encoding="UTF-8"?>
<!-- Generated by org.testng.reporters.JUnitReportReporter -->
<testsuite hostname="DESKTOP-D6BEUQT" failures="0" tests="1" name="com.crm.comcast.contactTest.CreateContactNoMandate" time="24.134" errors="0" timestamp="2022-06-10T09:57:51 IST" skipped="0">
  <testcase classname="com.crm.comcast.contactTest.CreateContactNoMandate" name="savu" time="24.134"/>
  <system-out/>
</testsuite> <!-- com.crm.comcast.contactTest.CreateContactNoMandate -->
