<?xml version="1.0" encoding="UTF-8"?>
<!-- Generated by org.testng.reporters.JUnitReportReporter -->
<testsuite hostname="DESKTOP-D6BEUQT" failures="0" tests="1" name="com.crm.comcast.organizationTest.CreateOrganizationTest" time="43.158" errors="0" timestamp="2022-06-09T16:24:23 IST" skipped="0">
  <testcase classname="com.crm.comcast.organizationTest.CreateOrganizationTest" name="createorg" time="43.158"/>
  <system-out/>
</testsuite> <!-- com.crm.comcast.organizationTest.CreateOrganizationTest -->
