<?xml version="1.0" encoding="UTF-8"?>
<!-- Generated by org.testng.reporters.JUnitReportReporter -->
<testsuite hostname="DESKTOP-D6BEUQT" failures="0" tests="1" name="com.crm.comcast.contactTest.DeletContactTest" time="47.540" errors="0" timestamp="2022-06-13T17:56:09 IST" skipped="0">
  <testcase classname="com.crm.comcast.contactTest.DeletContactTest" name="deletit" time="47.540"/>
  <system-out/>
</testsuite> <!-- com.crm.comcast.contactTest.DeletContactTest -->
