<?xml version="1.0" encoding="UTF-8"?>
<!-- Generated by org.testng.reporters.JUnitReportReporter -->
<testsuite skipped="0" hostname="DESKTOP-D6BEUQT" name="com.crm.comcast.campaignTest.CreateCampaignTest" tests="1" failures="0" timestamp="2022-06-20T23:19:33 IST" time="17.368" errors="0">
  <testcase name="createcamp" time="17.368" classname="com.crm.comcast.campaignTest.CreateCampaignTest"/>
  <system-out/>
</testsuite> <!-- com.crm.comcast.campaignTest.CreateCampaignTest -->
