<?xml version="1.0" encoding="UTF-8"?>
<!-- Generated by org.testng.reporters.JUnitReportReporter -->
<testsuite hostname="DESKTOP-D6BEUQT" failures="0" tests="5" name="Practice.SampleTest" time="0.019" errors="0" timestamp="2022-06-03T17:26:08 IST" skipped="0">
  <testcase classname="Practice.SampleTest" name="modifycontactTest" time="0.003"/>
  <system-out/>
  <testcase classname="Practice.SampleTest" name="modifycontactTest" time="0.002"/>
  <system-out/>
  <testcase classname="Practice.SampleTest" name="createcontactTest" time="0.010"/>
  <system-out/>
  <testcase classname="Practice.SampleTest" name="deledcontactTest" time="0.002"/>
  <system-out/>
  <testcase classname="Practice.SampleTest" name="modifycontactTest" time="0.002"/>
  <system-out/>
</testsuite> <!-- Practice.SampleTest -->
