<?xml version="1.0" encoding="UTF-8"?>
<!-- Generated by org.testng.reporters.JUnitReportReporter -->
<testsuite hostname="DESKTOP-D6BEUQT" failures="0" tests="1" name="Practice.Hybrid" time="23.626" errors="0" timestamp="2022-06-09T17:02:43 IST" skipped="0">
  <testcase classname="Practice.Hybrid" name="createcontact" time="23.626"/>
  <system-out/>
</testsuite> <!-- Practice.Hybrid -->
