<?xml version="1.0" encoding="UTF-8"?>
<!-- Generated by org.testng.reporters.JUnitReportReporter -->
<testsuite skipped="0" hostname="DESKTOP-D6BEUQT" name="com.crm.comcast.campaignTest.CreateCampaignTest" tests="1" failures="0" timestamp="2022-07-11T00:40:47 IST" time="21.089" errors="0">
  <testcase name="createcamp" time="21.089" classname="com.crm.comcast.campaignTest.CreateCampaignTest"/>
  <system-out/>
</testsuite> <!-- com.crm.comcast.campaignTest.CreateCampaignTest -->
